0 info it worked if it ends with ok
1 verbose cli [ 'c:\\appl\\nodejs\\node.exe',
1 verbose cli   'c:\\appl\\nodejs\\node_modules\\npm\\bin\\npm-cli.js',
1 verbose cli   'start' ]
2 info using npm@2.14.7
3 info using node@v4.2.1
4 verbose stack Error: Failed to parse json
4 verbose stack Unexpected token 's' at 8:3
4 verbose stack 	"start": "node index.js"
4 verbose stack 	 ^
4 verbose stack     at parseError (c:\appl\nodejs\node_modules\npm\node_modules\read-package-json\read-json.js:379:11)
4 verbose stack     at parseJson (c:\appl\nodejs\node_modules\npm\node_modules\read-package-json\read-json.js:68:23)
4 verbose stack     at c:\appl\nodejs\node_modules\npm\node_modules\read-package-json\read-json.js:48:5
4 verbose stack     at c:\appl\nodejs\node_modules\npm\node_modules\graceful-fs\graceful-fs.js:76:16
4 verbose stack     at FSReqWrap.readFileAfterClose [as oncomplete] (fs.js:380:3)
5 verbose cwd c:\appl\projects\test\jzhproject
6 error Windows_NT 6.1.7601
7 error argv "c:\\appl\\nodejs\\node.exe" "c:\\appl\\nodejs\\node_modules\\npm\\bin\\npm-cli.js" "start"
8 error node v4.2.1
9 error npm  v2.14.7
10 error file c:\appl\projects\test\jzhproject\package.json
11 error code EJSONPARSE
12 error Failed to parse json
12 error Unexpected token 's' at 8:3
12 error 	"start": "node index.js"
12 error 	 ^
13 error File: c:\appl\projects\test\jzhproject\package.json
14 error Failed to parse package.json data.
14 error package.json must be actual JSON, not just JavaScript.
14 error
14 error This is not a bug in npm.
14 error Tell the package author to fix their package.json file. JSON.parse
15 verbose exit [ 1, true ]
